2023-03-27 12:01:47,114 INFO [restartedMain] org.springframework.boot.StartupInfoLogger: Starting Application using Java 17.0.5 on HT6P3J3 with PID 5444 (D:\git\springboot2-jpa-h2-crud-example\target\classes started by jcast in D:\git\springboot2-jpa-h2-crud-example)
2023-03-27 12:01:47,118 INFO [restartedMain] org.springframework.boot.SpringApplication: The following 1 profile is active: "prod"
2023-03-27 12:01:47,173 INFO [restartedMain] org.springframework.boot.logging.DeferredLog: Devtools property defaults active! Set 'spring.devtools.add-properties' to 'false' to disable
2023-03-27 12:01:47,174 INFO [restartedMain] org.springframework.boot.logging.DeferredLog: For additional web related logging consider setting the 'logging.level.web' property to 'DEBUG'
2023-03-27 12:01:47,907 INFO [restartedMain] org.springframework.data.repository.config.RepositoryConfigurationDelegate: Bootstrapping Spring Data JPA repositories in DEFAULT mode.
2023-03-27 12:01:47,978 INFO [restartedMain] org.springframework.data.repository.config.RepositoryConfigurationDelegate: Finished Spring Data repository scanning in 60 ms. Found 1 JPA repository interfaces.
2023-03-27 12:01:48,704 INFO [restartedMain] org.springframework.boot.web.embedded.tomcat.TomcatWebServer: Tomcat initialized with port(s): 8080 (http)
2023-03-27 12:01:48,715 INFO [restartedMain] org.apache.juli.logging.DirectJDKLog: Initializing ProtocolHandler ["http-nio-8080"]
2023-03-27 12:01:48,716 INFO [restartedMain] org.apache.juli.logging.DirectJDKLog: Starting service [Tomcat]
2023-03-27 12:01:48,716 INFO [restartedMain] org.apache.juli.logging.DirectJDKLog: Starting Servlet engine: [Apache Tomcat/9.0.73]
2023-03-27 12:01:48,795 INFO [restartedMain] org.apache.juli.logging.DirectJDKLog: Initializing Spring embedded WebApplicationContext
2023-03-27 12:01:48,796 INFO [restartedMain] org.springframework.boot.web.servlet.context.ServletWebServerApplicationContext: Root WebApplicationContext: initialization completed in 1582 ms
2023-03-27 12:01:48,825 INFO [restartedMain] com.zaxxer.hikari.HikariDataSource: HikariPool-1 - Starting...
2023-03-27 12:01:49,000 INFO [restartedMain] com.zaxxer.hikari.HikariDataSource: HikariPool-1 - Start completed.
2023-03-27 12:01:49,014 INFO [restartedMain] org.springframework.boot.autoconfigure.h2.H2ConsoleAutoConfiguration: H2 console available at '/h2-console'. Database available at 'jdbc:h2:mem:85c4ac32-3049-4ce6-9c8d-fd4c48017a73'
2023-03-27 12:01:49,199 INFO [restartedMain] org.hibernate.jpa.internal.util.LogHelper: HHH000204: Processing PersistenceUnitInfo [name: default]
2023-03-27 12:01:49,257 INFO [restartedMain] org.hibernate.Version: HHH000412: Hibernate ORM core version 5.6.15.Final
2023-03-27 12:01:49,414 INFO [restartedMain] org.hibernate.annotations.common.reflection.java.JavaReflectionManager: HCANN000001: Hibernate Commons Annotations {5.1.2.Final}
2023-03-27 12:01:49,526 INFO [restartedMain] org.hibernate.dialect.Dialect: HHH000400: Using dialect: org.hibernate.dialect.H2Dialect
2023-03-27 12:01:49,999 INFO [restartedMain] org.hibernate.engine.transaction.jta.platform.internal.JtaPlatformInitiator: HHH000490: Using JtaPlatform implementation: [org.hibernate.engine.transaction.jta.platform.internal.NoJtaPlatform]
2023-03-27 12:01:50,007 INFO [restartedMain] org.springframework.orm.jpa.AbstractEntityManagerFactoryBean: Initialized JPA EntityManagerFactory for persistence unit 'default'
2023-03-27 12:01:50,267 INFO [restartedMain] com.crud.example.controller.EmployeeController: post contruct
2023-03-27 12:01:50,371 WARN [restartedMain] org.springframework.boot.autoconfigure.orm.jpa.JpaBaseConfiguration$JpaWebConfiguration: spring.jpa.open-in-view is enabled by default. Therefore, database queries may be performed during view rendering. Explicitly configure spring.jpa.open-in-view to disable this warning
2023-03-27 12:01:50,612 INFO [restartedMain] org.springframework.boot.devtools.autoconfigure.OptionalLiveReloadServer: LiveReload server is running on port 35729
2023-03-27 12:01:50,626 INFO [restartedMain] org.apache.juli.logging.DirectJDKLog: Starting ProtocolHandler ["http-nio-8080"]
2023-03-27 12:01:50,651 INFO [restartedMain] org.springframework.boot.web.embedded.tomcat.TomcatWebServer: Tomcat started on port(s): 8080 (http) with context path ''
2023-03-27 12:01:50,662 INFO [restartedMain] org.springframework.boot.StartupInfoLogger: Started Application in 3.958 seconds (JVM running for 4.552)
2023-03-27 12:35:25,859 INFO [File Watcher] org.springframework.boot.devtools.autoconfigure.LocalDevToolsAutoConfiguration$RestartingClassPathChangeChangedEventListener: Restarting due to 15 class path changes (0 additions, 10 deletions, 5 modifications)
2023-03-27 12:35:25,872 INFO [Thread-5] org.apache.juli.logging.DirectJDKLog: Pausing ProtocolHandler ["http-nio-8080"]
2023-03-27 12:35:25,873 INFO [Thread-5] org.apache.juli.logging.DirectJDKLog: Stopping service [Tomcat]
2023-03-27 12:35:25,877 INFO [Thread-5] org.apache.juli.logging.DirectJDKLog: Stopping ProtocolHandler ["http-nio-8080"]
2023-03-27 12:35:25,880 INFO [Thread-5] org.apache.juli.logging.DirectJDKLog: Destroying ProtocolHandler ["http-nio-8080"]
2023-03-27 12:35:25,881 INFO [Thread-5] org.springframework.orm.jpa.AbstractEntityManagerFactoryBean: Closing JPA EntityManagerFactory for persistence unit 'default'
2023-03-27 12:35:25,881 INFO [Thread-5] org.hibernate.tool.schema.internal.SchemaDropperImpl$DelayedDropActionImpl: HHH000477: Starting delayed evictData of schema as part of SessionFactory shut-down'
2023-03-27 12:35:26,100 WARN [Thread-5] org.springframework.beans.factory.support.DisposableBeanAdapter: Invocation of destroy method failed on bean with name 'inMemoryDatabaseShutdownExecutor': org.h2.jdbc.JdbcSQLNonTransientConnectionException: Database is already closed (to disable automatic closing at VM shutdown, add ";DB_CLOSE_ON_EXIT=FALSE" to the db URL) [90121-214]
2023-03-27 12:35:26,101 INFO [Thread-5] com.zaxxer.hikari.HikariDataSource: HikariPool-1 - Shutdown initiated...
2023-03-27 12:35:26,103 INFO [Thread-5] com.zaxxer.hikari.HikariDataSource: HikariPool-1 - Shutdown completed.
2023-03-27 12:35:26,166 INFO [restartedMain] org.springframework.boot.StartupInfoLogger: Starting Application using Java 17.0.5 on HT6P3J3 with PID 5444 (D:\git\springboot2-jpa-h2-crud-example\target\classes started by jcast in D:\git\springboot2-jpa-h2-crud-example)
2023-03-27 12:35:26,166 INFO [restartedMain] org.springframework.boot.SpringApplication: The following 1 profile is active: "prod"
2023-03-27 12:35:26,350 INFO [restartedMain] org.springframework.data.repository.config.RepositoryConfigurationDelegate: Bootstrapping Spring Data JPA repositories in DEFAULT mode.
2023-03-27 12:35:26,362 INFO [restartedMain] org.springframework.data.repository.config.RepositoryConfigurationDelegate: Finished Spring Data repository scanning in 10 ms. Found 1 JPA repository interfaces.
2023-03-27 12:35:26,446 INFO [restartedMain] org.springframework.boot.web.embedded.tomcat.TomcatWebServer: Tomcat initialized with port(s): 8080 (http)
2023-03-27 12:35:26,447 INFO [restartedMain] org.apache.juli.logging.DirectJDKLog: Initializing ProtocolHandler ["http-nio-0.0.0.0-8080"]
2023-03-27 12:35:26,447 INFO [restartedMain] org.apache.juli.logging.DirectJDKLog: Starting service [Tomcat]
2023-03-27 12:35:26,447 INFO [restartedMain] org.apache.juli.logging.DirectJDKLog: Starting Servlet engine: [Apache Tomcat/9.0.73]
2023-03-27 12:35:26,461 INFO [restartedMain] org.apache.juli.logging.DirectJDKLog: Initializing Spring embedded WebApplicationContext
2023-03-27 12:35:26,462 INFO [restartedMain] org.springframework.boot.web.servlet.context.ServletWebServerApplicationContext: Root WebApplicationContext: initialization completed in 295 ms
2023-03-27 12:35:26,472 INFO [restartedMain] com.zaxxer.hikari.HikariDataSource: HikariPool-2 - Starting...
2023-03-27 12:35:26,476 INFO [restartedMain] com.zaxxer.hikari.HikariDataSource: HikariPool-2 - Start completed.
2023-03-27 12:35:26,476 INFO [restartedMain] org.springframework.boot.autoconfigure.h2.H2ConsoleAutoConfiguration: H2 console available at '/h2-console'. Database available at 'jdbc:h2:mem:a2c81b80-74a7-4718-b9a7-a04bbefc5491'
2023-03-27 12:35:26,492 INFO [restartedMain] org.hibernate.jpa.internal.util.LogHelper: HHH000204: Processing PersistenceUnitInfo [name: default]
2023-03-27 12:35:26,495 INFO [restartedMain] org.hibernate.dialect.Dialect: HHH000400: Using dialect: org.hibernate.dialect.H2Dialect
2023-03-27 12:35:26,510 INFO [restartedMain] org.hibernate.engine.transaction.jta.platform.internal.JtaPlatformInitiator: HHH000490: Using JtaPlatform implementation: [org.hibernate.engine.transaction.jta.platform.internal.NoJtaPlatform]
2023-03-27 12:35:26,511 INFO [restartedMain] org.springframework.orm.jpa.AbstractEntityManagerFactoryBean: Initialized JPA EntityManagerFactory for persistence unit 'default'
2023-03-27 12:35:26,553 INFO [restartedMain] com.crud.example.controller.EmployeeController: post contruct
2023-03-27 12:35:26,622 WARN [restartedMain] org.springframework.boot.autoconfigure.orm.jpa.JpaBaseConfiguration$JpaWebConfiguration: spring.jpa.open-in-view is enabled by default. Therefore, database queries may be performed during view rendering. Explicitly configure spring.jpa.open-in-view to disable this warning
2023-03-27 12:35:26,689 INFO [restartedMain] org.springframework.boot.devtools.autoconfigure.OptionalLiveReloadServer: LiveReload server is running on port 35729
2023-03-27 12:35:26,695 INFO [restartedMain] org.apache.juli.logging.DirectJDKLog: Starting ProtocolHandler ["http-nio-0.0.0.0-8080"]
2023-03-27 12:35:26,699 INFO [restartedMain] org.springframework.boot.web.embedded.tomcat.TomcatWebServer: Tomcat started on port(s): 8080 (http) with context path ''
2023-03-27 12:35:26,703 INFO [restartedMain] org.springframework.boot.StartupInfoLogger: Started Application in 0.57 seconds (JVM running for 2020.593)
2023-03-27 12:35:26,704 INFO [restartedMain] org.springframework.boot.devtools.autoconfigure.ConditionEvaluationDeltaLoggingListener: Condition evaluation unchanged
2023-03-27 12:35:28,118 INFO [File Watcher] org.springframework.boot.devtools.autoconfigure.LocalDevToolsAutoConfiguration$RestartingClassPathChangeChangedEventListener: Restarting due to 10 class path changes (10 additions, 0 deletions, 0 modifications)
2023-03-27 12:35:28,126 INFO [Thread-7] org.apache.juli.logging.DirectJDKLog: Pausing ProtocolHandler ["http-nio-0.0.0.0-8080"]
2023-03-27 12:35:28,127 INFO [Thread-7] org.apache.juli.logging.DirectJDKLog: Stopping service [Tomcat]
2023-03-27 12:35:28,128 INFO [Thread-7] org.apache.juli.logging.DirectJDKLog: Stopping ProtocolHandler ["http-nio-0.0.0.0-8080"]
2023-03-27 12:35:28,128 INFO [Thread-7] org.apache.juli.logging.DirectJDKLog: Destroying ProtocolHandler ["http-nio-0.0.0.0-8080"]
2023-03-27 12:35:28,129 INFO [Thread-7] org.springframework.orm.jpa.AbstractEntityManagerFactoryBean: Closing JPA EntityManagerFactory for persistence unit 'default'
2023-03-27 12:35:28,129 INFO [Thread-7] org.hibernate.tool.schema.internal.SchemaDropperImpl$DelayedDropActionImpl: HHH000477: Starting delayed evictData of schema as part of SessionFactory shut-down'
2023-03-27 12:35:28,347 WARN [Thread-7] org.springframework.beans.factory.support.DisposableBeanAdapter: Invocation of destroy method failed on bean with name 'inMemoryDatabaseShutdownExecutor': org.h2.jdbc.JdbcSQLNonTransientConnectionException: Database is already closed (to disable automatic closing at VM shutdown, add ";DB_CLOSE_ON_EXIT=FALSE" to the db URL) [90121-214]
2023-03-27 12:35:28,349 INFO [Thread-7] com.zaxxer.hikari.HikariDataSource: HikariPool-2 - Shutdown initiated...
2023-03-27 12:35:28,351 INFO [Thread-7] com.zaxxer.hikari.HikariDataSource: HikariPool-2 - Shutdown completed.
2023-03-27 12:35:28,429 INFO [restartedMain] org.springframework.boot.StartupInfoLogger: Starting Application using Java 17.0.5 on HT6P3J3 with PID 5444 (D:\git\springboot2-jpa-h2-crud-example\target\classes started by jcast in D:\git\springboot2-jpa-h2-crud-example)
2023-03-27 12:35:28,430 INFO [restartedMain] org.springframework.boot.SpringApplication: The following 1 profile is active: "prod"
2023-03-27 12:35:28,524 INFO [restartedMain] org.springframework.data.repository.config.RepositoryConfigurationDelegate: Bootstrapping Spring Data JPA repositories in DEFAULT mode.
2023-03-27 12:35:28,531 INFO [restartedMain] org.springframework.data.repository.config.RepositoryConfigurationDelegate: Finished Spring Data repository scanning in 6 ms. Found 1 JPA repository interfaces.
2023-03-27 12:35:28,572 INFO [restartedMain] org.springframework.boot.web.embedded.tomcat.TomcatWebServer: Tomcat initialized with port(s): 8080 (http)
2023-03-27 12:35:28,573 INFO [restartedMain] org.apache.juli.logging.DirectJDKLog: Initializing ProtocolHandler ["http-nio-0.0.0.0-8080"]
2023-03-27 12:35:28,573 INFO [restartedMain] org.apache.juli.logging.DirectJDKLog: Starting service [Tomcat]
2023-03-27 12:35:28,573 INFO [restartedMain] org.apache.juli.logging.DirectJDKLog: Starting Servlet engine: [Apache Tomcat/9.0.73]
2023-03-27 12:35:28,590 INFO [restartedMain] org.apache.juli.logging.DirectJDKLog: Initializing Spring embedded WebApplicationContext
2023-03-27 12:35:28,590 INFO [restartedMain] org.springframework.boot.web.servlet.context.ServletWebServerApplicationContext: Root WebApplicationContext: initialization completed in 158 ms
2023-03-27 12:35:28,598 INFO [restartedMain] com.zaxxer.hikari.HikariDataSource: HikariPool-3 - Starting...
2023-03-27 12:35:28,601 INFO [restartedMain] com.zaxxer.hikari.HikariDataSource: HikariPool-3 - Start completed.
2023-03-27 12:35:28,601 INFO [restartedMain] org.springframework.boot.autoconfigure.h2.H2ConsoleAutoConfiguration: H2 console available at '/h2-console'. Database available at 'jdbc:h2:mem:4aa1d135-324a-4a71-a7ea-cf1af9f11fda'
2023-03-27 12:35:28,615 INFO [restartedMain] org.hibernate.jpa.internal.util.LogHelper: HHH000204: Processing PersistenceUnitInfo [name: default]
2023-03-27 12:35:28,618 INFO [restartedMain] org.hibernate.dialect.Dialect: HHH000400: Using dialect: org.hibernate.dialect.H2Dialect
2023-03-27 12:35:28,633 INFO [restartedMain] org.hibernate.engine.transaction.jta.platform.internal.JtaPlatformInitiator: HHH000490: Using JtaPlatform implementation: [org.hibernate.engine.transaction.jta.platform.internal.NoJtaPlatform]
2023-03-27 12:35:28,634 INFO [restartedMain] org.springframework.orm.jpa.AbstractEntityManagerFactoryBean: Initialized JPA EntityManagerFactory for persistence unit 'default'
2023-03-27 12:35:28,664 INFO [restartedMain] com.crud.example.controller.EmployeeController: post contruct
2023-03-27 12:35:28,688 WARN [restartedMain] org.springframework.boot.autoconfigure.orm.jpa.JpaBaseConfiguration$JpaWebConfiguration: spring.jpa.open-in-view is enabled by default. Therefore, database queries may be performed during view rendering. Explicitly configure spring.jpa.open-in-view to disable this warning
2023-03-27 12:35:28,720 INFO [restartedMain] org.springframework.boot.devtools.autoconfigure.OptionalLiveReloadServer: LiveReload server is running on port 35729
2023-03-27 12:35:28,722 INFO [restartedMain] org.apache.juli.logging.DirectJDKLog: Starting ProtocolHandler ["http-nio-0.0.0.0-8080"]
2023-03-27 12:35:28,726 INFO [restartedMain] org.springframework.boot.web.embedded.tomcat.TomcatWebServer: Tomcat started on port(s): 8080 (http) with context path ''
2023-03-27 12:35:28,728 INFO [restartedMain] org.springframework.boot.StartupInfoLogger: Started Application in 0.328 seconds (JVM running for 2022.619)
2023-03-27 12:35:28,729 INFO [restartedMain] org.springframework.boot.devtools.autoconfigure.ConditionEvaluationDeltaLoggingListener: Condition evaluation unchanged
2023-03-27 12:43:59,781 INFO [SpringApplicationShutdownHook] org.springframework.orm.jpa.AbstractEntityManagerFactoryBean: Closing JPA EntityManagerFactory for persistence unit 'default'
2023-03-27 12:43:59,782 INFO [SpringApplicationShutdownHook] org.hibernate.tool.schema.internal.SchemaDropperImpl$DelayedDropActionImpl: HHH000477: Starting delayed evictData of schema as part of SessionFactory shut-down'
2023-03-27 12:43:59,994 WARN [SpringApplicationShutdownHook] org.springframework.beans.factory.support.DisposableBeanAdapter: Invocation of destroy method failed on bean with name 'inMemoryDatabaseShutdownExecutor': org.h2.jdbc.JdbcSQLNonTransientConnectionException: Database is already closed (to disable automatic closing at VM shutdown, add ";DB_CLOSE_ON_EXIT=FALSE" to the db URL) [90121-214]
2023-03-27 12:43:59,995 INFO [SpringApplicationShutdownHook] com.zaxxer.hikari.HikariDataSource: HikariPool-3 - Shutdown initiated...
2023-03-27 12:43:59,996 INFO [SpringApplicationShutdownHook] com.zaxxer.hikari.HikariDataSource: HikariPool-3 - Shutdown completed.
