2023-03-27 11:42:43,538 INFO [restartedMain] org.springframework.boot.StartupInfoLogger: Starting Application using Java 17.0.5 on HT6P3J3 with PID 4016 (D:\git\springboot2-jpa-h2-crud-example\target\classes started by jcast in D:\git\springboot2-jpa-h2-crud-example)
2023-03-27 11:42:43,545 INFO [restartedMain] org.springframework.boot.SpringApplication: The following 1 profile is active: "prod"
2023-03-27 11:42:43,597 INFO [restartedMain] org.springframework.boot.logging.DeferredLog: Devtools property defaults active! Set 'spring.devtools.add-properties' to 'false' to disable
2023-03-27 11:42:43,597 INFO [restartedMain] org.springframework.boot.logging.DeferredLog: For additional web related logging consider setting the 'logging.level.web' property to 'DEBUG'
2023-03-27 11:42:44,310 INFO [restartedMain] org.springframework.data.repository.config.RepositoryConfigurationDelegate: Bootstrapping Spring Data JPA repositories in DEFAULT mode.
2023-03-27 11:42:44,377 INFO [restartedMain] org.springframework.data.repository.config.RepositoryConfigurationDelegate: Finished Spring Data repository scanning in 58 ms. Found 1 JPA repository interfaces.
2023-03-27 11:42:45,052 INFO [restartedMain] org.springframework.boot.web.embedded.tomcat.TomcatWebServer: Tomcat initialized with port(s): 8080 (http)
2023-03-27 11:42:45,061 INFO [restartedMain] org.apache.juli.logging.DirectJDKLog: Initializing ProtocolHandler ["http-nio-8080"]
2023-03-27 11:42:45,062 INFO [restartedMain] org.apache.juli.logging.DirectJDKLog: Starting service [Tomcat]
2023-03-27 11:42:45,062 INFO [restartedMain] org.apache.juli.logging.DirectJDKLog: Starting Servlet engine: [Apache Tomcat/9.0.73]
2023-03-27 11:42:45,147 INFO [restartedMain] org.apache.juli.logging.DirectJDKLog: Initializing Spring embedded WebApplicationContext
2023-03-27 11:42:45,148 INFO [restartedMain] org.springframework.boot.web.servlet.context.ServletWebServerApplicationContext: Root WebApplicationContext: initialization completed in 1513 ms
2023-03-27 11:42:45,179 INFO [restartedMain] com.zaxxer.hikari.HikariDataSource: HikariPool-1 - Starting...
2023-03-27 11:42:45,374 INFO [restartedMain] com.zaxxer.hikari.HikariDataSource: HikariPool-1 - Start completed.
2023-03-27 11:42:45,386 INFO [restartedMain] org.springframework.boot.autoconfigure.h2.H2ConsoleAutoConfiguration: H2 console available at '/h2-console'. Database available at 'jdbc:h2:mem:1c0739d1-15b8-423b-96c4-39775228fc7d'
2023-03-27 11:42:45,582 INFO [restartedMain] org.hibernate.jpa.internal.util.LogHelper: HHH000204: Processing PersistenceUnitInfo [name: default]
2023-03-27 11:42:45,633 INFO [restartedMain] org.hibernate.Version: HHH000412: Hibernate ORM core version 5.6.15.Final
2023-03-27 11:42:45,783 INFO [restartedMain] org.hibernate.annotations.common.reflection.java.JavaReflectionManager: HCANN000001: Hibernate Commons Annotations {5.1.2.Final}
2023-03-27 11:42:45,901 INFO [restartedMain] org.hibernate.dialect.Dialect: HHH000400: Using dialect: org.hibernate.dialect.H2Dialect
2023-03-27 11:42:46,403 INFO [restartedMain] org.hibernate.engine.transaction.jta.platform.internal.JtaPlatformInitiator: HHH000490: Using JtaPlatform implementation: [org.hibernate.engine.transaction.jta.platform.internal.NoJtaPlatform]
2023-03-27 11:42:46,410 INFO [restartedMain] org.springframework.orm.jpa.AbstractEntityManagerFactoryBean: Initialized JPA EntityManagerFactory for persistence unit 'default'
2023-03-27 11:42:46,680 INFO [restartedMain] com.crud.example.controller.EmployeeController: post contruct
2023-03-27 11:42:46,794 WARN [restartedMain] org.springframework.boot.autoconfigure.orm.jpa.JpaBaseConfiguration$JpaWebConfiguration: spring.jpa.open-in-view is enabled by default. Therefore, database queries may be performed during view rendering. Explicitly configure spring.jpa.open-in-view to disable this warning
2023-03-27 11:42:47,049 INFO [restartedMain] org.springframework.boot.devtools.autoconfigure.OptionalLiveReloadServer: LiveReload server is running on port 35729
2023-03-27 11:42:47,061 INFO [restartedMain] org.apache.juli.logging.DirectJDKLog: Starting ProtocolHandler ["http-nio-8080"]
2023-03-27 11:42:47,086 INFO [restartedMain] org.springframework.boot.web.embedded.tomcat.TomcatWebServer: Tomcat started on port(s): 8080 (http) with context path ''
2023-03-27 11:42:47,099 INFO [restartedMain] org.springframework.boot.StartupInfoLogger: Started Application in 3.986 seconds (JVM running for 4.65)
